{"timestamp":"2026-02-24T18:59:47.567Z","userId":"905f2f80-049e-4d67-9e10-5ab1a5f3650e","role":"DEPT_ADMIN","action":"USER_LOGIN","details":{"username":"admin_dcs_vnsgu","method":"username/password","ip":"::1"}}
{"timestamp":"2026-02-24T19:06:51.312Z","userId":"905f2f80-049e-4d67-9e10-5ab1a5f3650e","role":"DEPT_ADMIN","action":"USER_LOGIN","details":{"username":"admin_dcs_vnsgu","method":"username/password","ip":"::1"}}
{"timestamp":"2026-02-24T19:14:56.712Z","userId":"905f2f80-049e-4d67-9e10-5ab1a5f3650e","role":"DEPT_ADMIN","action":"USER_LOGIN","details":{"username":"admin_dcs_vnsgu","method":"username/password","ip":"::1"}}
{"timestamp":"2026-02-24T19:54:04.998Z","userId":"905f2f80-049e-4d67-9e10-5ab1a5f3650e","role":"DEPT_ADMIN","action":"USER_LOGIN","details":{"username":"admin_dcs_vnsgu","method":"username/password","ip":"::1"}}
{"timestamp":"2026-02-24T20:35:24.260Z","userId":"905f2f80-049e-4d67-9e10-5ab1a5f3650e","role":"DEPT_ADMIN","action":"RESOURCE_UPDATE","details":{"resourceId":"138b98bb-c1cd-443b-b4ea-04b18d96c5ea","name":"Lecture Hall 1"}}
{"timestamp":"2026-02-24T20:35:44.835Z","userId":"905f2f80-049e-4d67-9e10-5ab1a5f3650e","role":"DEPT_ADMIN","action":"RESOURCE_UPDATE","details":{"resourceId":"eea43dd6-b092-45e2-a46c-01d9f93a8465","name":"Lecture Hall 2"}}
{"timestamp":"2026-02-24T20:36:04.647Z","userId":"905f2f80-049e-4d67-9e10-5ab1a5f3650e","role":"DEPT_ADMIN","action":"RESOURCE_UPDATE","details":{"resourceId":"c1c31bed-6184-421f-81f2-8b2daa02736c","name":"Lecture Hall 3"}}
{"timestamp":"2026-02-24T20:36:20.226Z","userId":"905f2f80-049e-4d67-9e10-5ab1a5f3650e","role":"DEPT_ADMIN","action":"RESOURCE_CREATE","details":{"resourceId":"8c88b75f-a7bf-4dce-9436-32c57d55dba3","name":"Lecture Hall 4","type":"Classroom"}}
{"timestamp":"2026-02-24T20:37:13.640Z","userId":"905f2f80-049e-4d67-9e10-5ab1a5f3650e","role":"DEPT_ADMIN","action":"RESOURCE_CREATE","details":{"resourceId":"bd708324-9303-4ba0-8a2b-a728ff082801","name":"Classroom 1","type":"Classroom"}}
{"timestamp":"2026-02-24T20:37:27.051Z","userId":"905f2f80-049e-4d67-9e10-5ab1a5f3650e","role":"DEPT_ADMIN","action":"RESOURCE_UPDATE","details":{"resourceId":"bd708324-9303-4ba0-8a2b-a728ff082801","name":"Classroom 1"}}
{"timestamp":"2026-02-24T20:38:05.886Z","userId":"905f2f80-049e-4d67-9e10-5ab1a5f3650e","role":"DEPT_ADMIN","action":"RESOURCE_CREATE","details":{"resourceId":"8a1fbe64-a3b4-4c00-a639-2f0e336fa942","name":"Classroom 2","type":"Classroom"}}
{"timestamp":"2026-02-24T20:38:22.205Z","userId":"905f2f80-049e-4d67-9e10-5ab1a5f3650e","role":"DEPT_ADMIN","action":"RESOURCE_CREATE","details":{"resourceId":"2f38bf1a-9a59-407e-be84-8fb5d90b3773","name":"Classroom 3","type":"Classroom"}}
{"timestamp":"2026-02-24T20:38:40.526Z","userId":"905f2f80-049e-4d67-9e10-5ab1a5f3650e","role":"DEPT_ADMIN","action":"RESOURCE_CREATE","details":{"resourceId":"f319c44d-b087-47d0-a64f-b8afc0a69c95","name":"Classroom 4","type":"Classroom"}}
{"timestamp":"2026-02-24T20:38:58.685Z","userId":"905f2f80-049e-4d67-9e10-5ab1a5f3650e","role":"DEPT_ADMIN","action":"RESOURCE_UPDATE","details":{"resourceId":"1936e302-e91e-4181-9ccc-4916611d4ac1","name":"Major Lab 1"}}
{"timestamp":"2026-02-24T20:39:20.693Z","userId":"905f2f80-049e-4d67-9e10-5ab1a5f3650e","role":"DEPT_ADMIN","action":"RESOURCE_UPDATE","details":{"resourceId":"5e8a51d0-c089-40d7-aaaf-68c89d0e7770","name":"Major Lab 2"}}
{"timestamp":"2026-02-24T20:39:38.912Z","userId":"905f2f80-049e-4d67-9e10-5ab1a5f3650e","role":"DEPT_ADMIN","action":"RESOURCE_CREATE","details":{"resourceId":"76a81b1a-68f0-4009-b9df-8a363a9ca4cf","name":"Minor Lab 1","type":"Lab"}}
{"timestamp":"2026-02-24T20:39:49.456Z","userId":"905f2f80-049e-4d67-9e10-5ab1a5f3650e","role":"DEPT_ADMIN","action":"RESOURCE_CREATE","details":{"resourceId":"5059f0c7-5d97-42c5-8cb0-1d1e600b72a6","name":"Minor Lab 2","type":"Lab"}}
{"timestamp":"2026-02-24T20:40:29.928Z","userId":"905f2f80-049e-4d67-9e10-5ab1a5f3650e","role":"DEPT_ADMIN","action":"RESOURCE_CREATE","details":{"resourceId":"8818e598-51e8-4c51-9b4e-e5ce15114f16","name":"Seminar Hall","type":"Seminar Hall"}}
{"timestamp":"2026-02-24T20:44:09.895Z","userId":"f619592b-5346-4c9f-a297-e44dbc7d68cd","role":"UNI_ADMIN","action":"USER_LOGIN","details":{"username":"admin_vnsgu","method":"username/password","ip":"::1"}}
{"timestamp":"2026-02-24T20:44:27.324Z","userId":"f619592b-5346-4c9f-a297-e44dbc7d68cd","role":"UNI_ADMIN","action":"FACULTY_UPDATE","details":{"facultyId":"0ef5cde9-32e2-4992-80d7-08198574567e","name":"Rustam Morena"}}
{"timestamp":"2026-02-24T20:44:42.843Z","userId":"f619592b-5346-4c9f-a297-e44dbc7d68cd","role":"UNI_ADMIN","action":"FACULTY_UPDATE","details":{"facultyId":"938d3c74-3443-42e7-8920-02dd7738b130","name":"Dharmen Shah"}}
{"timestamp":"2026-02-24T20:44:48.836Z","userId":"f619592b-5346-4c9f-a297-e44dbc7d68cd","role":"UNI_ADMIN","action":"FACULTY_UPDATE","details":{"facultyId":"0db0d00c-3ccf-42fb-9aad-e33583a33d50","name":"Ravi Gulati"}}
{"timestamp":"2026-02-24T20:44:52.951Z","userId":"f619592b-5346-4c9f-a297-e44dbc7d68cd","role":"UNI_ADMIN","action":"FACULTY_UPDATE","details":{"facultyId":"c06cf5e4-c961-4de4-9f93-883a03ffdf07","name":"Nimisha"}}
{"timestamp":"2026-02-24T20:44:57.577Z","userId":"f619592b-5346-4c9f-a297-e44dbc7d68cd","role":"UNI_ADMIN","action":"FACULTY_UPDATE","details":{"facultyId":"fb51ee69-15d2-4a76-8963-f49b166a29be","name":"Jayshree Patel"}}
{"timestamp":"2026-02-24T20:45:07.475Z","userId":"f619592b-5346-4c9f-a297-e44dbc7d68cd","role":"UNI_ADMIN","action":"FACULTY_UPDATE","details":{"facultyId":"957a4c41-6b03-4a7d-9a7a-8ac3771cda57","name":"Mayur Gohil"}}
{"timestamp":"2026-02-24T20:45:17.185Z","userId":"f619592b-5346-4c9f-a297-e44dbc7d68cd","role":"UNI_ADMIN","action":"FACULTY_UPDATE","details":{"facultyId":"592fe380-bd7a-4f14-ac21-a3394fc15948","name":"Prakash Rana"}}
{"timestamp":"2026-02-24T20:45:35.695Z","userId":"f619592b-5346-4c9f-a297-e44dbc7d68cd","role":"UNI_ADMIN","action":"FACULTY_UPDATE","details":{"facultyId":"791904f5-1d1c-4194-82dc-4a0b59b1e300","name":"Vimal Choudhary"}}
{"timestamp":"2026-02-24T20:47:26.778Z","userId":"f619592b-5346-4c9f-a297-e44dbc7d68cd","role":"UNI_ADMIN","action":"FACULTY_UPDATE","details":{"facultyId":"704b59f5-ddad-4388-88cb-b1b2f1a3f2b1","name":"Rinku Patel"}}
{"timestamp":"2026-02-24T20:47:34.171Z","userId":"f619592b-5346-4c9f-a297-e44dbc7d68cd","role":"UNI_ADMIN","action":"FACULTY_UPDATE","details":{"facultyId":"0ef5cde9-32e2-4992-80d7-08198574567e","name":"Rustam Morena"}}
{"timestamp":"2026-02-24T20:47:41.424Z","userId":"f619592b-5346-4c9f-a297-e44dbc7d68cd","role":"UNI_ADMIN","action":"FACULTY_UPDATE","details":{"facultyId":"c06cf5e4-c961-4de4-9f93-883a03ffdf07","name":"Nimisha Modi"}}
{"timestamp":"2026-02-24T20:48:29.685Z","userId":"f619592b-5346-4c9f-a297-e44dbc7d68cd","role":"UNI_ADMIN","action":"FACULTY_UPDATE","details":{"facultyId":"0db0d00c-3ccf-42fb-9aad-e33583a33d50","name":"Ravi Gulati"}}
{"timestamp":"2026-02-24T20:49:14.771Z","userId":"f619592b-5346-4c9f-a297-e44dbc7d68cd","role":"UNI_ADMIN","action":"FACULTY_UPDATE","details":{"facultyId":"791904f5-1d1c-4194-82dc-4a0b59b1e300","name":"Vimal Chaudhary"}}
{"timestamp":"2026-02-24T20:50:42.189Z","userId":"905f2f80-049e-4d67-9e10-5ab1a5f3650e","role":"DEPT_ADMIN","action":"USER_LOGIN","details":{"username":"admin_dcs_vnsgu","method":"username/password","ip":"::1"}}
{"timestamp":"2026-02-24T20:50:58.272Z","userId":"80fbc928-99c3-41e9-b8ff-2a257d66c524","role":"FACULTY","action":"USER_LOGIN","details":{"username":"ravi","method":"username/password","ip":"::1"}}
{"timestamp":"2026-02-24T20:51:19.882Z","userId":"905f2f80-049e-4d67-9e10-5ab1a5f3650e","role":"DEPT_ADMIN","action":"USER_LOGIN","details":{"username":"admin_dcs_vnsgu","method":"username/password","ip":"::1"}}
